Sep 04 14:21:23 Installed: 1:perl-parent-0.225-244.el7.noarch
Sep 04 14:21:23 Installed: perl-HTTP-Tiny-0.033-3.el7.noarch
Sep 04 14:21:23 Installed: perl-podlators-2.5.1-3.el7.noarch
Sep 04 14:21:23 Installed: perl-Pod-Perldoc-3.20-4.el7.noarch
Sep 04 14:21:23 Installed: 1:perl-Pod-Escapes-1.04-283.el7.noarch
Sep 04 14:21:23 Installed: perl-Text-ParseWords-3.29-4.el7.noarch
Sep 04 14:21:24 Installed: perl-Encode-2.51-7.el7.x86_64
Sep 04 14:21:24 Installed: perl-Pod-Usage-1.63-3.el7.noarch
Sep 04 14:21:24 Installed: 4:perl-libs-5.16.3-283.el7.x86_64
Sep 04 14:21:24 Installed: 4:perl-macros-5.16.3-283.el7.x86_64
Sep 04 14:21:24 Installed: perl-Storable-2.45-3.el7.x86_64
Sep 04 14:21:24 Installed: perl-Exporter-5.68-3.el7.noarch
Sep 04 14:21:24 Installed: perl-constant-1.27-2.el7.noarch
Sep 04 14:21:24 Installed: perl-Time-Local-1.2300-2.el7.noarch
Sep 04 14:21:24 Installed: perl-Socket-2.010-3.el7.x86_64
Sep 04 14:21:24 Installed: perl-Carp-1.26-244.el7.noarch
Sep 04 14:21:24 Installed: perl-PathTools-3.40-5.el7.x86_64
Sep 04 14:21:24 Installed: perl-Scalar-List-Utils-1.27-248.el7.x86_64
Sep 04 14:21:24 Installed: perl-File-Temp-0.23.01-3.el7.noarch
Sep 04 14:21:24 Installed: perl-File-Path-2.09-2.el7.noarch
Sep 04 14:21:24 Installed: perl-threads-shared-1.43-6.el7.x86_64
Sep 04 14:21:24 Installed: perl-threads-1.87-4.el7.x86_64
Sep 04 14:21:24 Installed: perl-Filter-1.49-3.el7.x86_64
Sep 04 14:21:24 Installed: 1:perl-Pod-Simple-3.28-4.el7.noarch
Sep 04 14:21:24 Installed: perl-Getopt-Long-2.40-2.el7.noarch
Sep 04 14:21:29 Installed: 4:perl-5.16.3-283.el7.x86_64
Sep 04 14:24:41 Installed: net-tools-2.0-0.17.20131004git.el7.x86_64
Sep 08 09:49:47 Installed: apr-1.4.8-3.el7.x86_64
Sep 08 09:49:47 Installed: apr-util-1.5.2-6.el7.x86_64
Sep 08 09:49:47 Installed: httpd-tools-2.4.6-18.el7.centos.x86_64
Sep 08 09:49:47 Installed: mailcap-2.1.41-2.el7.noarch
Sep 08 09:49:49 Installed: httpd-2.4.6-18.el7.centos.x86_64
Sep 08 09:54:53 Erased: httpd-2.4.6-18.el7.centos.x86_64
Sep 08 09:54:53 Erased: httpd-tools-2.4.6-18.el7.centos.x86_64
Sep 08 09:54:53 Erased: mailcap-2.1.41-2.el7.noarch
Sep 08 09:54:53 Erased: apr-util-1.5.2-6.el7.x86_64
Sep 08 09:54:53 Erased: apr-1.4.8-3.el7.x86_64
Sep 08 16:12:55 Installed: wget-1.14-10.el7.x86_64
Sep 08 16:14:10 Updated: libgcc-4.8.2-16.2.el7_0.x86_64
Sep 08 16:14:10 Updated: centos-release-7-0.1406.el7.centos.2.5.x86_64
Sep 08 16:14:12 Updated: tzdata-2014e-1.el7_0.noarch
Sep 08 16:14:21 Updated: glibc-common-2.17-55.el7_0.1.x86_64
Sep 08 16:14:23 Updated: glibc-2.17-55.el7_0.1.x86_64
Sep 08 16:14:24 Updated: nss-softokn-freebl-3.16.2-1.el7_0.x86_64
Sep 08 16:14:24 Updated: nspr-4.10.6-1.el7_0.x86_64
Sep 08 16:14:24 Updated: nss-util-3.16.2-1.el7_0.x86_64
Sep 08 16:14:24 Updated: systemd-libs-208-11.el7_0.2.x86_64
Sep 08 16:14:27 Updated: systemd-208-11.el7_0.2.x86_64
Sep 08 16:14:27 Updated: libgudev1-208-11.el7_0.2.x86_64
Sep 08 16:14:28 Updated: initscripts-9.49.17-1.el7_0.1.x86_64
Sep 08 16:14:28 Updated: 12:dhcp-libs-4.2.5-27.el7.centos.1.x86_64
Sep 08 16:14:29 Updated: nss-softokn-3.16.2-1.el7_0.x86_64
Sep 08 16:14:29 Updated: nss-3.16.2-2.el7_0.x86_64
Sep 08 16:14:29 Updated: nss-sysinit-3.16.2-2.el7_0.x86_64
Sep 08 16:14:30 Updated: 1:NetworkManager-glib-0.9.9.1-25.git20140326.4dba720.el7_0.x86_64
Sep 08 16:14:30 Updated: 1:openssl-libs-1.0.1e-34.el7_0.4.x86_64
Sep 08 16:14:30 Updated: 12:dhcp-common-4.2.5-27.el7.centos.1.x86_64
Sep 08 16:14:30 Updated: 12:dhclient-4.2.5-27.el7.centos.1.x86_64
Sep 08 16:14:30 Updated: systemd-sysv-208-11.el7_0.2.x86_64
Sep 08 16:14:31 Updated: 1:NetworkManager-0.9.9.1-25.git20140326.4dba720.el7_0.x86_64
Sep 08 16:14:31 Updated: libtasn1-3.3-5.el7_0.x86_64
Sep 08 16:14:31 Updated: libstdc++-4.8.2-16.2.el7_0.x86_64
Sep 08 16:14:31 Updated: libdb-5.3.21-17.el7_0.1.x86_64
Sep 08 16:14:31 Updated: lzo-2.06-6.el7_0.2.x86_64
Sep 08 16:14:31 Updated: kernel-tools-libs-3.10.0-123.6.3.el7.x86_64
Sep 08 16:14:49 Updated: selinux-policy-3.12.1-153.el7_0.10.noarch
Sep 08 16:15:09 Updated: selinux-policy-targeted-3.12.1-153.el7_0.10.noarch
Sep 08 16:15:09 Updated: kernel-tools-3.10.0-123.6.3.el7.x86_64
Sep 08 16:15:09 Updated: kexec-tools-2.0.4-32.el7.centos.3.x86_64
Sep 08 16:15:10 Updated: libdb-utils-5.3.21-17.el7_0.1.x86_64
Sep 08 16:15:10 Updated: 1:mariadb-libs-5.5.37-1.el7_0.x86_64
Sep 08 16:15:10 Updated: gnutls-3.1.18-9.el7_0.x86_64
Sep 08 16:15:10 Updated: 1:NetworkManager-tui-0.9.9.1-25.git20140326.4dba720.el7_0.x86_64
Sep 08 16:15:10 Updated: 1:openssl-1.0.1e-34.el7_0.4.x86_64
Sep 08 16:15:11 Updated: nss-tools-3.16.2-2.el7_0.x86_64
Sep 08 16:15:21 Installed: kernel-3.10.0-123.6.3.el7.x86_64
Sep 08 16:15:22 Updated: tuned-2.3.0-11.el7_0.3.noarch
Sep 08 16:15:22 Updated: 2:microcode_ctl-2.1-7.1.el7_0.2.x86_64
Sep 08 16:15:22 Updated: json-c-0.11-4.el7_0.x86_64
Sep 08 16:15:22 Updated: libgomp-4.8.2-16.2.el7_0.x86_64
Sep 08 16:15:22 Updated: yum-plugin-fastestmirror-1.1.31-25.el7_0.noarch
Sep 09 06:12:23 Installed: tree-1.6.0-10.el7.x86_64
Sep 25 13:17:05 Updated: bash-4.2.45-5.el7_0.2.x86_64
Sep 30 22:08:50 Updated: bash-4.2.45-5.el7_0.4.x86_64
Sep 30 22:08:51 Updated: nss-util-3.16.2-2.el7_0.x86_64
Sep 30 22:08:52 Updated: policycoreutils-2.2.5-11.el7_0.1.x86_64
Sep 30 22:08:52 Updated: nss-softokn-freebl-3.16.2-2.el7_0.x86_64
Sep 30 22:08:52 Updated: nss-softokn-3.16.2-2.el7_0.x86_64
Sep 30 22:08:52 Updated: nss-sysinit-3.16.2-7.el7_0.x86_64
Sep 30 22:08:52 Updated: nss-3.16.2-7.el7_0.x86_64
Sep 30 22:08:52 Updated: 1:NetworkManager-glib-0.9.9.1-26.git20140326.4dba720.el7_0.x86_64
Sep 30 22:08:53 Updated: 1:NetworkManager-0.9.9.1-26.git20140326.4dba720.el7_0.x86_64
Sep 30 22:09:11 Updated: selinux-policy-3.12.1-153.el7_0.11.noarch
Sep 30 22:09:11 Updated: kernel-tools-libs-3.10.0-123.8.1.el7.x86_64
Sep 30 22:09:16 Updated: linux-firmware-20140804-0.1.git6bce2b0.el7_0.noarch
Sep 30 22:09:26 Installed: kernel-3.10.0-123.8.1.el7.x86_64
Sep 30 22:09:26 Updated: kernel-tools-3.10.0-123.8.1.el7.x86_64
Sep 30 22:09:46 Updated: selinux-policy-targeted-3.12.1-153.el7_0.11.noarch
Sep 30 22:09:46 Updated: 1:NetworkManager-tui-0.9.9.1-26.git20140326.4dba720.el7_0.x86_64
Sep 30 22:09:47 Updated: nss-tools-3.16.2-7.el7_0.x86_64
Sep 30 22:09:48 Updated: ca-certificates-2014.1.98-70.0.el7_0.noarch
Sep 30 22:09:48 Updated: kexec-tools-2.0.4-32.el7.centos.4.x86_64
Sep 30 22:09:48 Updated: 2:libertas-usb8388-firmware-20140804-0.1.git6bce2b0.el7_0.noarch
Sep 30 22:09:48 Updated: iwl6000g2b-firmware-17.168.5.2-35.el7_0.noarch
Sep 30 22:09:50 Updated: tzdata-2014g-1.el7.noarch
Sep 30 22:09:50 Updated: 1:iwl1000-firmware-39.31.5.1-35.el7_0.noarch
Sep 30 22:09:50 Updated: iwl100-firmware-39.31.5.1-35.el7_0.noarch
Sep 30 22:09:51 Updated: iwl7260-firmware-22.0.7.0-35.el7_0.noarch
Sep 30 22:09:51 Updated: iwl4965-firmware-228.61.2.24-35.el7_0.noarch
Sep 30 22:09:51 Updated: iwl5150-firmware-8.24.2.2-35.el7_0.noarch
Sep 30 22:09:51 Updated: iwl3160-firmware-22.0.7.0-35.el7_0.noarch
Sep 30 22:09:51 Updated: iwl6000g2a-firmware-17.168.5.3-35.el7_0.noarch
Sep 30 22:09:51 Updated: iwl2000-firmware-18.168.6.1-35.el7_0.noarch
Sep 30 22:09:51 Updated: iwl105-firmware-18.168.6.1-35.el7_0.noarch
Sep 30 22:09:51 Updated: iwl6050-firmware-41.28.5.1-35.el7_0.noarch
Sep 30 22:09:51 Updated: iwl3945-firmware-15.32.2.9-35.el7_0.noarch
Sep 30 22:09:51 Updated: iwl2030-firmware-18.168.6.1-35.el7_0.noarch
Sep 30 22:09:51 Updated: iwl5000-firmware-8.83.5.1_1-35.el7_0.noarch
Sep 30 22:09:51 Updated: iwl135-firmware-18.168.6.1-35.el7_0.noarch
Sep 30 22:09:51 Updated: libertas-sd8787-firmware-20140804-0.1.git6bce2b0.el7_0.noarch
Sep 30 22:09:51 Updated: libertas-sd8686-firmware-20140804-0.1.git6bce2b0.el7_0.noarch
Sep 30 22:09:51 Updated: iwl6000-firmware-9.221.4.1-35.el7_0.noarch
Sep 30 22:36:31 Installed: zip-3.0-10.el7.x86_64
Sep 30 22:36:44 Installed: 1:perl-Error-0.17020-2.el7.noarch
Sep 30 22:36:44 Installed: libgnome-keyring-3.8.0-3.el7.x86_64
Sep 30 22:36:44 Installed: rsync-3.0.9-15.el7.x86_64
Sep 30 22:36:44 Installed: perl-TermReadKey-2.30-20.el7.x86_64
Sep 30 22:36:44 Installed: perl-Git-1.8.3.1-4.el7.noarch
Sep 30 22:36:46 Installed: git-1.8.3.1-4.el7.x86_64
