receiving incremental file list
./
video.js/
video.js/.editorconfig
video.js/.gitignore
video.js/.jshintrc
video.js/.npmignore
video.js/.travis.yml
video.js/CHANGELOG.md
video.js/CONTRIBUTING.md
video.js/Gruntfile.js
video.js/LICENSE
video.js/README.md
video.js/bower.json
video.js/component.json
video.js/composer.json
video.js/contrib.json
video.js/package.json
video.js/.git/
video.js/.git/HEAD
video.js/.git/config
video.js/.git/description
video.js/.git/index
video.js/.git/packed-refs
video.js/.git/branches/
video.js/.git/hooks/
video.js/.git/hooks/applypatch-msg.sample
video.js/.git/hooks/commit-msg.sample
video.js/.git/hooks/post-update.sample
video.js/.git/hooks/pre-applypatch.sample
video.js/.git/hooks/pre-commit.sample
video.js/.git/hooks/pre-push.sample
video.js/.git/hooks/pre-rebase.sample
video.js/.git/hooks/prepare-commit-msg.sample
video.js/.git/hooks/update.sample
video.js/.git/info/
video.js/.git/info/exclude
video.js/.git/logs/
video.js/.git/logs/HEAD
video.js/.git/logs/refs/
video.js/.git/logs/refs/heads/
video.js/.git/logs/refs/heads/master
video.js/.git/logs/refs/remotes/
video.js/.git/logs/refs/remotes/origin/
video.js/.git/logs/refs/remotes/origin/HEAD
video.js/.git/objects/
video.js/.git/objects/info/
video.js/.git/objects/pack/
video.js/.git/objects/pack/pack-02c91c5b8a00aea974d5576d9516c71f1300bb0c.idx
video.js/.git/objects/pack/pack-02c91c5b8a00aea974d5576d9516c71f1300bb0c.pack
video.js/.git/refs/
video.js/.git/refs/heads/
video.js/.git/refs/heads/master
video.js/.git/refs/remotes/
video.js/.git/refs/remotes/origin/
video.js/.git/refs/remotes/origin/HEAD
video.js/.git/refs/tags/
video.js/build/
video.js/build/source-loader.js
video.js/build/compiler/
video.js/build/compiler/COPYING
video.js/build/compiler/README
video.js/build/compiler/compiler.jar
video.js/build/compiler/goog.base.js
video.js/build/demo-files/
video.js/build/demo-files/demo.captions.vtt
video.js/build/demo-files/demo.html
video.js/docs/
video.js/docs/index.md
video.js/docs/api/
video.js/docs/api/vjs.BigPlayButton.md
video.js/docs/api/vjs.Button.md
video.js/docs/api/vjs.CaptionsButton.md
video.js/docs/api/vjs.CaptionsTrack.md
video.js/docs/api/vjs.ChaptersButton.md
video.js/docs/api/vjs.ChaptersTrack.md
video.js/docs/api/vjs.ChaptersTrackMenuItem.md
video.js/docs/api/vjs.Component.md
video.js/docs/api/vjs.ControlBar.md
video.js/docs/api/vjs.CoreObject.md
video.js/docs/api/vjs.CurrentTimeDisplay.md
video.js/docs/api/vjs.DurationDisplay.md
video.js/docs/api/vjs.Flash.md
video.js/docs/api/vjs.FullscreenToggle.md
video.js/docs/api/vjs.Html5.md
video.js/docs/api/vjs.JSON.md
video.js/docs/api/vjs.LoadProgressBar.md
video.js/docs/api/vjs.LoadingSpinner.md
video.js/docs/api/vjs.MediaLoader.md
video.js/docs/api/vjs.MediaTechController.md
video.js/docs/api/vjs.Menu.md
video.js/docs/api/vjs.MenuButton.md
video.js/docs/api/vjs.MenuItem.md
video.js/docs/api/vjs.MuteToggle.md
video.js/docs/api/vjs.OffTextTrackMenuItem.md
video.js/docs/api/vjs.PlayProgressBar.md
video.js/docs/api/vjs.PlayToggle.md
video.js/docs/api/vjs.Player.md
video.js/docs/api/vjs.PosterImage.md
video.js/docs/api/vjs.ProgressControl.md
video.js/docs/api/vjs.RemainingTimeDisplay.md
video.js/docs/api/vjs.SeekBar.md
video.js/docs/api/vjs.SeekHandle.md
video.js/docs/api/vjs.Slider.md
video.js/docs/api/vjs.SliderHandle.md
video.js/docs/api/vjs.SubtitlesButton.md
video.js/docs/api/vjs.SubtitlesTrack.md
video.js/docs/api/vjs.TextTrack.md
video.js/docs/api/vjs.TextTrackButton.md
video.js/docs/api/vjs.TextTrackDisplay.md
video.js/docs/api/vjs.TextTrackMenuItem.md
video.js/docs/api/vjs.TimeDivider.md
video.js/docs/api/vjs.VolumeBar.md
video.js/docs/api/vjs.VolumeControl.md
video.js/docs/api/vjs.VolumeHandle.md
video.js/docs/api/vjs.VolumeLevel.md
video.js/docs/api/vjs.VolumeMenuButton.md
video.js/docs/api/vjs.md
video.js/docs/api/vjs.media.md
video.js/docs/guides/
video.js/docs/guides/api.md
video.js/docs/guides/components.md
video.js/docs/guides/glossary.md
video.js/docs/guides/languages.md
video.js/docs/guides/options.md
video.js/docs/guides/plugins.md
video.js/docs/guides/setup.md
video.js/docs/guides/skins.md
video.js/docs/guides/tech.md
video.js/docs/guides/tracks.md
video.js/lang/
video.js/lang/de.json
video.js/lang/es.json
video.js/lang/fr.json
video.js/lang/it.json
video.js/lang/ja.json
video.js/lang/ko.json
video.js/lang/nl.json
video.js/lang/pt-BR.json
video.js/lang/ru.json
video.js/lang/uk.json
video.js/sandbox/
video.js/sandbox/index.html.example
video.js/sandbox/language.html.example
video.js/sandbox/plugin.html.example
video.js/src/
video.js/src/css/
video.js/src/css/video-js.less
video.js/src/css/font/
video.js/src/css/font/vjs.eot
video.js/src/css/font/vjs.svg
video.js/src/css/font/vjs.ttf
video.js/src/css/font/vjs.woff
video.js/src/js/
video.js/src/js/big-play-button.js
video.js/src/js/button.js
video.js/src/js/cdn.js
video.js/src/js/component.js
video.js/src/js/core-object.js
video.js/src/js/core.js
video.js/src/js/error-display.js
video.js/src/js/events.js
video.js/src/js/exports.js
video.js/src/js/fullscreen-api.js
video.js/src/js/json.js
video.js/src/js/lib.js
video.js/src/js/loading-spinner.js
video.js/src/js/media-error.js
video.js/src/js/menu.js
video.js/src/js/player.externs.js
video.js/src/js/player.js
video.js/src/js/plugins.js
video.js/src/js/poster.js
video.js/src/js/setup.js
video.js/src/js/slider.js
video.js/src/js/tracks.js
video.js/src/js/util.js
video.js/src/js/control-bar/
video.js/src/js/control-bar/control-bar.js
video.js/src/js/control-bar/fullscreen-toggle.js
video.js/src/js/control-bar/live-display.js
video.js/src/js/control-bar/mute-toggle.js
video.js/src/js/control-bar/play-toggle.js
video.js/src/js/control-bar/playback-rate-menu-button.js
video.js/src/js/control-bar/progress-control.js
video.js/src/js/control-bar/time-display.js
video.js/src/js/control-bar/volume-control.js
video.js/src/js/control-bar/volume-menu-button.js
video.js/src/js/media/
video.js/src/js/media/flash.externs.js
video.js/src/js/media/flash.js
video.js/src/js/media/html5.js
video.js/src/js/media/loader.js
video.js/src/js/media/media.js
video.js/test/
video.js/test/index.html
video.js/test/karma-qunit-shim.js
video.js/test/karma.conf.js
video.js/test/karma.minified.api.conf.js
video.js/test/karma.minified.conf.js
video.js/test/minified-api.html
video.js/test/minified.html
video.js/test/qunit-externs.js
video.js/test/sinon-externs.js
video.js/test/unit/
video.js/test/unit/api.js
video.js/test/unit/button.js
video.js/test/unit/component.js
video.js/test/unit/control-bar.js
video.js/test/unit/controls.js
video.js/test/unit/core-object.js
video.js/test/unit/core.js
video.js/test/unit/events.js
video.js/test/unit/flash.js
video.js/test/unit/lib.js
video.js/test/unit/media.html5.js
video.js/test/unit/media.js
video.js/test/unit/mediafaker.js
video.js/test/unit/menu.js
video.js/test/unit/player.js
video.js/test/unit/plugins.js
video.js/test/unit/poster.js
video.js/test/unit/setup.js
video.js/test/unit/test-helpers.js
video.js/test/unit/tracks.js
video.js/test/unit/util.js

sent 3773 bytes  received 16519537 bytes  11015540.00 bytes/sec
total size is 18158319  speedup is 1.10
